[debug] [2017-12-28T03:06:33.793Z] ----------------------------------------------------------------------
[debug] [2017-12-28T03:06:33.797Z] Command:       /usr/local/Cellar/node/8.9.1/bin/node /usr/local/bin/firebase deploy
[debug] [2017-12-28T03:06:33.797Z] CLI Version:   3.16.0
[debug] [2017-12-28T03:06:33.797Z] Platform:      darwin
[debug] [2017-12-28T03:06:33.797Z] Node Version:  v8.9.1
[debug] [2017-12-28T03:06:33.845Z] Time:          Wed Dec 27 2017 21:06:33 GMT-0600 (CST)
[debug] [2017-12-28T03:06:33.845Z] ----------------------------------------------------------------------
[debug] 
[debug] [2017-12-28T03:06:33.948Z] > command requires scopes: ["email","openid","https://www.googleapis.com/auth/cloudplatformprojects.readonly","https://www.googleapis.com/auth/firebase","https://www.googleapis.com/auth/cloud-platform"]
[debug] [2017-12-28T03:06:33.948Z] > authorizing via signed-in user
[debug] [2017-12-28T03:06:33.952Z] > refreshing access token with scopes: ["email","https://www.googleapis.com/auth/cloud-platform","https://www.googleapis.com/auth/cloudplatformprojects.readonly","https://www.googleapis.com/auth/firebase","openid"]
[debug] [2017-12-28T03:06:33.953Z] >>> HTTP REQUEST POST https://www.googleapis.com/oauth2/v3/token  
 { refresh_token: '1/WMrnvdkDVUSEYVDDGHLx5XMr7KmLubq7Wo_vBfOXCbk',
  client_id: '563584335869-fgrhgmd47bqnekij5i8b5pr03ho849e6.apps.googleusercontent.com',
  client_secret: 'j9iVZfS8kkCEFUPaAeJV0sAi',
  grant_type: 'refresh_token',
  scope: 'email https://www.googleapis.com/auth/cloud-platform https://www.googleapis.com/auth/cloudplatformprojects.readonly https://www.googleapis.com/auth/firebase openid' } 
 Wed Dec 27 2017 21:06:33 GMT-0600 (CST)
[debug] [2017-12-28T03:06:34.735Z] <<< HTTP RESPONSE 200
[debug] [2017-12-28T03:06:34.783Z] >>> HTTP REQUEST GET https://admin.firebase.com/v1/projects/practice-1fe79  
  
 Wed Dec 27 2017 21:06:34 GMT-0600 (CST)
[debug] [2017-12-28T03:06:35.368Z] <<< HTTP RESPONSE 200
[debug] [2017-12-28T03:06:35.369Z] >>> HTTP REQUEST GET https://admin.firebase.com/v1/database/practice-1fe79/tokens  
  
 Wed Dec 27 2017 21:06:35 GMT-0600 (CST)
[debug] [2017-12-28T03:06:36.983Z] <<< HTTP RESPONSE 200
[info] 
[info] === Deploying to 'practice-1fe79'...
[info] 
[info] i  deploying hosting
[info] i  hosting: preparing ../new-capstone directory for upload...
[debug] [2017-12-28T03:06:50.796Z] >>> HTTP REQUEST PUT https://deploy.firebase.com/v1/hosting/practice-1fe79/uploads/-L1Q4UjhYdKtaNos0bCX?fileCount=1523&message=  
  
 Wed Dec 27 2017 21:06:50 GMT-0600 (CST)
